<?xml version="1.0" encoding="UTF-8"?>
<!-- Generated by org.testng.reporters.JUnitXMLReporter -->
<testsuite hostname="Amar" ignored="0" name="Test2" tests="1" failures="1" timestamp="25 Apr 2021 13:48:37 GMT" time="10.026" errors="0">
  <testcase name="@AfterClass close_browser" time="0.0" classname="generic.BaseClass">
    <failure type="java.lang.NullPointerException">
      <![CDATA[java.lang.NullPointerException
at generic.BaseClass.close_browser(BaseClass.java:37)
at java.util.concurrent.FutureTask.run(FutureTask.java:266)
at java.util.concurrent.ThreadPoolExecutor.runWorker(ThreadPoolExecutor.java:1149)
at java.util.concurrent.ThreadPoolExecutor$Worker.run(ThreadPoolExecutor.java:624)
at java.lang.Thread.run(Thread.java:748)
... Removed 17 stack frames]]>
    </failure>
  </testcase> <!-- @AfterClass close_browser -->
  <testcase name="SignUpintoFBInValid" time="0.008" classname="assesment.SignUpTest">
    <failure type="java.lang.NullPointerException">
      <![CDATA[java.lang.NullPointerException
at assesment.SignUpTest.SignUpintoFBInValid(SignUpTest.java:113)
at java.util.concurrent.FutureTask.run(FutureTask.java:266)
at java.util.concurrent.ThreadPoolExecutor.runWorker(ThreadPoolExecutor.java:1149)
at java.util.concurrent.ThreadPoolExecutor$Worker.run(ThreadPoolExecutor.java:624)
at java.lang.Thread.run(Thread.java:748)
... Removed 16 stack frames]]>
    </failure>
  </testcase> <!-- SignUpintoFBInValid -->
</testsuite> <!-- Test2 -->
